[0m18:37:39.321411 [debug] [MainThread]: Sending event: {'category': 'dbt', 'action': 'invocation', 'label': 'start', 'context': [<snowplow_tracker.self_describing_json.SelfDescribingJson object at 0x760c03d3f2d0>, <snowplow_tracker.self_describing_json.SelfDescribingJson object at 0x760c042525d0>, <snowplow_tracker.self_describing_json.SelfDescribingJson object at 0x760c04252510>]}


============================== 18:37:39.327609 | a79a2e85-0062-438d-af8e-db85650504ad ==============================
[0m18:37:39.327609 [info ] [MainThread]: Running with dbt=1.8.6
[0m18:37:39.328316 [debug] [MainThread]: running dbt with arguments {'printer_width': '80', 'indirect_selection': 'eager', 'log_cache_events': 'False', 'write_json': 'True', 'partial_parse': 'True', 'cache_selected_only': 'False', 'profiles_dir': '/home/vscode/.dbt', 'fail_fast': 'False', 'debug': 'False', 'log_path': 'logs', 'warn_error': 'None', 'version_check': 'True', 'use_colors': 'True', 'use_experimental_parser': 'False', 'no_print': 'None', 'quiet': 'False', 'empty': 'None', 'warn_error_options': 'WarnErrorOptions(include=[], exclude=[])', 'introspect': 'True', 'log_format': 'default', 'static_parser': 'True', 'target_path': 'None', 'invocation_command': 'dbt init', 'send_anonymous_usage_stats': 'True'}
[0m18:37:39.337272 [warn ] [MainThread]: [ConfigFolderDirectory]: Unable to parse dict {'dir': PosixPath('/home/vscode/.dbt')}
[0m18:37:39.337770 [info ] [MainThread]: Creating dbt configuration folder at 
[0m18:37:56.564221 [debug] [MainThread]: Starter project path: /home/vscode/.local/lib/python3.11/site-packages/dbt/include/starter_project
[0m18:37:56.568346 [info ] [MainThread]: 
Your new dbt project "my_project" was created!

For more information on how to configure the profiles.yml file,
please consult the dbt documentation here:

  https://docs.getdbt.com/docs/configure-your-profile

One more thing:

Need help? Don't hesitate to reach out to us via GitHub issues or on Slack:

  https://community.getdbt.com/

Happy modeling!

[0m18:37:56.568816 [info ] [MainThread]: Setting up your profile.
[0m18:40:43.822847 [info ] [MainThread]: Profile my_project written to /home/vscode/.dbt/profiles.yml using target's sample configuration. Once updated, you'll be able to start developing with dbt.
[0m18:40:43.825084 [debug] [MainThread]: Resource report: {"command_name": "init", "command_success": true, "command_wall_clock_time": 184.54468, "process_user_time": 1.155193, "process_kernel_time": 0.207934, "process_mem_max_rss": "122372", "process_in_blocks": "73304", "process_out_blocks": "80"}
[0m18:40:43.826122 [debug] [MainThread]: Command `dbt init` succeeded at 18:40:43.825946 after 184.55 seconds
[0m18:40:43.826695 [debug] [MainThread]: Sending event: {'category': 'dbt', 'action': 'invocation', 'label': 'end', 'context': [<snowplow_tracker.self_describing_json.SelfDescribingJson object at 0x760c03b5fbd0>, <snowplow_tracker.self_describing_json.SelfDescribingJson object at 0x760c03b5fa50>, <snowplow_tracker.self_describing_json.SelfDescribingJson object at 0x760c076eb650>]}
[0m18:40:43.827301 [debug] [MainThread]: Flushing usage events
